Using pre-set license
Built from '2020.3/release' branch; Version is '2020.3.15f2 (6cf78cb77498) revision 7141260'; Using compiler version '192528614'; Build Type 'Release'
OS: 'Windows 10 Home Single Language; OS build 19041.1165; Version 2004; 64bit' Language: 'pt' Physical Memory: 8102 MB
BatchMode: 1, IsHumanControllingUs: 0, StartBugReporterOnCrash: 0, Is64bit: 1, IsPro: 0

 COMMAND LINE ARGUMENTS:
C:\Program Files\Unity\Hub\Editor\2020.3.15f2\Editor\Unity.exe
-adb2
-batchMode
-noUpm
-name
AssetImportWorker0
-projectPath
C:/Users/Gustavo/Desktop/Oitavo Período/Mundos Virtuais e Realidade Misturada/Aula06
-logFile
Logs/AssetImportWorker0.log
-srvPort
56568
Successfully changed project path to: C:/Users/Gustavo/Desktop/Oitavo Período/Mundos Virtuais e Realidade Misturada/Aula06
C:/Users/Gustavo/Desktop/Oitavo Período/Mundos Virtuais e Realidade Misturada/Aula06
Using Asset Import Pipeline V2.
Refreshing native plugins compatible for Editor in 36.25 ms, found 2 plugins.
Preloading 0 native plugins for Editor in 0.00 ms.
Initialize engine version: 2020.3.15f2 (6cf78cb77498)
[Subsystems] Discovering subsystems at path C:/Program Files/Unity/Hub/Editor/2020.3.15f2/Editor/Data/Resources/UnitySubsystems
[Subsystems] Discovering subsystems at path C:/Users/Gustavo/Desktop/Oitavo Período/Mundos Virtuais e Realidade Misturada/Aula06/Assets
GfxDevice: creating device client; threaded=0
Direct3D:
    Version:  Direct3D 11.0 [level 11.0]
    Renderer: NVIDIA GeForce 940MX (ID=0x134d)
    Vendor:   
    VRAM:     2010 MB
    Driver:   27.21.14.6133
Initialize mono
Mono path[0] = 'C:/Program Files/Unity/Hub/Editor/2020.3.15f2/Editor/Data/Managed'
Mono path[1] = 'C:/Program Files/Unity/Hub/Editor/2020.3.15f2/Editor/Data/MonoBleedingEdge/lib/mono/unityjit'
Mono config path = 'C:/Program Files/Unity/Hub/Editor/2020.3.15f2/Editor/Data/MonoBleedingEdge/etc'
Using monoOptions --debugger-agent=transport=dt_socket,embedding=1,server=y,suspend=n,address=127.0.0.1:56104
Begin MonoManager ReloadAssembly
Registering precompiled unity dll's ...
Register platform support module: C:/Program Files/Unity/Hub/Editor/2020.3.15f2/Editor/Data/PlaybackEngines/WindowsStandaloneSupport/UnityEditor.WindowsStandalone.Extensions.dll
Registered in 0.001788 seconds.
Native extension for WindowsStandalone target not found
Refreshing native plugins compatible for Editor in 30.34 ms, found 2 plugins.
Preloading 0 native plugins for Editor in 0.00 ms.
Mono: successfully reloaded assembly
- Completed reload, in  1.103 seconds
Domain Reload Profiling:
	ReloadAssembly (1103ms)
		BeginReloadAssembly (64ms)
			ExecutionOrderSort (0ms)
			DisableScriptedObjects (0ms)
			BackupInstance (0ms)
			ReleaseScriptingObjects (0ms)
			CreateAndSetChildDomain (1ms)
		EndReloadAssembly (421ms)
			LoadAssemblies (62ms)
			RebuildTransferFunctionScriptingTraits (0ms)
			SetupTypeCache (158ms)
			ReleaseScriptCaches (0ms)
			RebuildScriptCaches (32ms)
			SetupLoadedEditorAssemblies (157ms)
				LogAssemblyErrors (0ms)
				InitializePlatformSupportModulesInManaged (5ms)
				SetLoadedEditorAssemblies (0ms)
				RefreshPlugins (30ms)
				BeforeProcessingInitializeOnLoad (7ms)
				ProcessInitializeOnLoadAttributes (85ms)
				ProcessInitializeOnLoadMethodAttributes (30ms)
				AfterProcessingInitializeOnLoad (0ms)
				EditorAssembliesLoaded (0ms)
			ExecutionOrderSort2 (0ms)
			AwakeInstancesAfterBackupRestoration (0ms)
Platform modules already initialized, skipping
Registering precompiled user dll's ...
Registered in 0.004054 seconds.
Begin MonoManager ReloadAssembly
Native extension for WindowsStandalone target not found
Refreshing native plugins compatible for Editor in 0.32 ms, found 2 plugins.
Preloading 0 native plugins for Editor in 0.00 ms.
Mono: successfully reloaded assembly
- Completed reload, in  1.462 seconds
Domain Reload Profiling:
	ReloadAssembly (1465ms)
		BeginReloadAssembly (151ms)
			ExecutionOrderSort (0ms)
			DisableScriptedObjects (5ms)
			BackupInstance (0ms)
			ReleaseScriptingObjects (0ms)
			CreateAndSetChildDomain (18ms)
		EndReloadAssembly (1251ms)
			LoadAssemblies (88ms)
			RebuildTransferFunctionScriptingTraits (0ms)
			SetupTypeCache (277ms)
			ReleaseScriptCaches (0ms)
			RebuildScriptCaches (43ms)
			SetupLoadedEditorAssemblies (645ms)
				LogAssemblyErrors (0ms)
				InitializePlatformSupportModulesInManaged (5ms)
				SetLoadedEditorAssemblies (0ms)
				RefreshPlugins (0ms)
				BeforeProcessingInitializeOnLoad (55ms)
				ProcessInitializeOnLoadAttributes (560ms)
				ProcessInitializeOnLoadMethodAttributes (12ms)
				AfterProcessingInitializeOnLoad (11ms)
				EditorAssembliesLoaded (0ms)
			ExecutionOrderSort2 (0ms)
			AwakeInstancesAfterBackupRestoration (26ms)
Platform modules already initialized, skipping
========================================================================
Worker process is ready to serve import requests
Launched and connected shader compiler UnityShaderCompiler.exe after 0.11 seconds
Refreshing native plugins compatible for Editor in 0.39 ms, found 2 plugins.
Preloading 0 native plugins for Editor in 0.00 ms.
Unloading 1404 Unused Serialized files (Serialized files now loaded: 0)
System memory in use before: 66.9 MB.
System memory in use after: 66.9 MB.

Unloading 19 unused Assets to reduce memory usage. Loaded Objects now: 1840.
Total: 2.820900 ms (FindLiveObjects: 0.187500 ms CreateObjectMapping: 0.057400 ms MarkObjects: 2.376400 ms  DeleteObjects: 0.195200 ms)

AssetImportParameters requested are different than current active one (requested -> active):
  custom:framework-win-MediaFoundation: 216162199b28c13a410421893ffa2e32 -> 
  custom:video-decoder-ogg-theora: a1e56fd34408186e4bbccfd4996cb3dc -> 
  custom:container-muxer-webm: aa71ff27fc2769a1b78a27578f13a17b -> 
  custom:container-demuxer-webm: 4f35f7cbe854078d1ac9338744f61a02 -> 
  custom:container-demuxer-ogg: 62fdf1f143b41e24485cea50d1cbac27 -> 
  custom:video-encoder-webm-vp8: eb34c28f22e8b96e1ab97ce403110664 -> 
  custom:video-decoder-webm-vp8: 9c59270c3fd7afecdb556c50c9e8de78 -> 
  custom:audio-decoder-ogg-vorbis: bf7c407c2cedff20999df2af8eb42d56 -> 
  custom:audio-encoder-webm-vorbis: bf7c407c2cedff20999df2af8eb42d56 -> 
========================================================================
Received Import Request.
  path: Assets/shader.cs
  artifactKey: Guid(eae4893fdb0b66b47b3e44819451b07b) Importer(815301076,1909f56bfc062723c751e8b465ee728b)
Start importing Assets/shader.cs using Guid(eae4893fdb0b66b47b3e44819451b07b) Importer(815301076,1909f56bfc062723c751e8b465ee728b)  -> (artifact id: '782bb7fdecf514d3d11df569c107e289') in 0.049433 seconds 
  Import took 0.095740 seconds .

========================================================================
Received Import Request.
  Time since last request: 3489.771202 seconds.
  path: Assets/Scenes/Materials/New Material 1.mat
  artifactKey: Guid(b0275451784b22e47be4ed3773e9959d) Importer(815301076,1909f56bfc062723c751e8b465ee728b)
Start importing Assets/Scenes/Materials/New Material 1.mat using Guid(b0275451784b22e47be4ed3773e9959d) Importer(815301076,1909f56bfc062723c751e8b465ee728b)  -> (artifact id: '5989ad901715f59b576ce226978607e9') in 0.362935 seconds 
  Import took 0.397558 seconds .

========================================================================
Received Import Request.
  Time since last request: 0.000328 seconds.
  path: Assets/Scenes/Materials/New Material 4.mat
  artifactKey: Guid(296a3fb49c8c595458c4c75fadc1b428) Importer(815301076,1909f56bfc062723c751e8b465ee728b)
Start importing Assets/Scenes/Materials/New Material 4.mat using Guid(296a3fb49c8c595458c4c75fadc1b428) Importer(815301076,1909f56bfc062723c751e8b465ee728b)  -> (artifact id: '0cb0fa5d486d02fb26c7b381512d2b2e') in 0.045049 seconds 
  Import took 0.060920 seconds .

========================================================================
Received Import Request.
  Time since last request: 0.000241 seconds.
  path: Assets/Scenes/Materials/New Material 3.mat
  artifactKey: Guid(94ebd86f1396d03458df01d01e8611bb) Importer(815301076,1909f56bfc062723c751e8b465ee728b)
Start importing Assets/Scenes/Materials/New Material 3.mat using Guid(94ebd86f1396d03458df01d01e8611bb) Importer(815301076,1909f56bfc062723c751e8b465ee728b)  -> (artifact id: 'f9f70bb3e8be2160d21c1b24c4590af4') in 0.043815 seconds 
  Import took 0.055967 seconds .

========================================================================
Received Import Request.
  Time since last request: 0.000205 seconds.
  path: Assets/Scenes/Materials/scene4.mat
  artifactKey: Guid(aff738a913cd8aa4a90b27273309c627) Importer(815301076,1909f56bfc062723c751e8b465ee728b)
Start importing Assets/Scenes/Materials/scene4.mat using Guid(aff738a913cd8aa4a90b27273309c627) Importer(815301076,1909f56bfc062723c751e8b465ee728b)  -> (artifact id: '72c09c00f587ac7a6bc116e53b52656f') in 0.047617 seconds 
  Import took 0.051760 seconds .

========================================================================
Received Import Request.
  Time since last request: 0.000195 seconds.
  path: Assets/Scenes/Materials/New Material 5.mat
  artifactKey: Guid(db6ed04573f46fe4dafd62618da24560) Importer(815301076,1909f56bfc062723c751e8b465ee728b)
Start importing Assets/Scenes/Materials/New Material 5.mat using Guid(db6ed04573f46fe4dafd62618da24560) Importer(815301076,1909f56bfc062723c751e8b465ee728b)  -> (artifact id: 'b531d776d5e5ddb86f2f42310046b24c') in 0.050611 seconds 
  Import took 0.057051 seconds .

========================================================================
Received Import Request.
  Time since last request: 0.000185 seconds.
  path: Assets/Scenes/Materials/New Material.mat
  artifactKey: Guid(8def2a2f3d635df4bb85571de9a03782) Importer(815301076,1909f56bfc062723c751e8b465ee728b)
Start importing Assets/Scenes/Materials/New Material.mat using Guid(8def2a2f3d635df4bb85571de9a03782) Importer(815301076,1909f56bfc062723c751e8b465ee728b)  -> (artifact id: 'dfbc59ab4063d75ad139e7419d80e1f2') in 0.044049 seconds 
  Import took 0.053353 seconds .

========================================================================
Received Import Request.
  Time since last request: 49.181429 seconds.
  path: Assets/Scenes/Materials/MaterialPixelate.mat
  artifactKey: Guid(db6ed04573f46fe4dafd62618da24560) Importer(815301076,1909f56bfc062723c751e8b465ee728b)
Start importing Assets/Scenes/Materials/MaterialPixelate.mat using Guid(db6ed04573f46fe4dafd62618da24560) Importer(815301076,1909f56bfc062723c751e8b465ee728b)  -> (artifact id: 'b75cf853f91e356475773183026983fd') in 0.055592 seconds 
  Import took 0.067876 seconds .

========================================================================
Received Import Request.
  Time since last request: 27.247253 seconds.
  path: Assets/Scenes/Shaders/ThresholdShader.shader
  artifactKey: Guid(9471ecb344b26fa4cae39b8762a2c866) Importer(815301076,1909f56bfc062723c751e8b465ee728b)
Start importing Assets/Scenes/Shaders/ThresholdShader.shader using Guid(9471ecb344b26fa4cae39b8762a2c866) Importer(815301076,1909f56bfc062723c751e8b465ee728b)  -> (artifact id: '65f94b447b8ffbe1c4519d6a7e6094b9') in 0.012667 seconds 
  Import took 0.088702 seconds .

========================================================================
Received Import Request.
  Time since last request: 0.016964 seconds.
  path: Assets/Scenes/Shaders/ThresholdShader.shader
  artifactKey: Guid(9471ecb344b26fa4cae39b8762a2c866) Importer(815301076,1909f56bfc062723c751e8b465ee728b)
Start importing Assets/Scenes/Shaders/ThresholdShader.shader using Guid(9471ecb344b26fa4cae39b8762a2c866) Importer(815301076,1909f56bfc062723c751e8b465ee728b)  -> (artifact id: '65f94b447b8ffbe1c4519d6a7e6094b9') in 0.018517 seconds 
  Import took 0.024946 seconds .

========================================================================
Received Import Request.
  Time since last request: 1.752731 seconds.
  path: Assets/Scenes/Shaders/MagnifyShader.shader
  artifactKey: Guid(4b69b9efd5897b84287c5ba745cbaa74) Importer(815301076,1909f56bfc062723c751e8b465ee728b)
Start importing Assets/Scenes/Shaders/MagnifyShader.shader using Guid(4b69b9efd5897b84287c5ba745cbaa74) Importer(815301076,1909f56bfc062723c751e8b465ee728b)  -> (artifact id: 'fd41c8c9254939ab61e87151a427e0a5') in 0.020316 seconds 
  Import took 0.044036 seconds .

========================================================================
Received Import Request.
  Time since last request: 4.203988 seconds.
  path: Assets/Scenes/Shaders/scene4.shader
  artifactKey: Guid(6cb8ecb776000e841a6a1bddc61e51bf) Importer(815301076,1909f56bfc062723c751e8b465ee728b)
Start importing Assets/Scenes/Shaders/scene4.shader using Guid(6cb8ecb776000e841a6a1bddc61e51bf) Importer(815301076,1909f56bfc062723c751e8b465ee728b)  -> (artifact id: '5b4c44462126744a142a0734a133b11b') in 0.009519 seconds 
  Import took 0.401761 seconds .

========================================================================
Received Import Request.
  Time since last request: 11.243927 seconds.
  path: Assets/Scenes/Shaders/ShaderPixelate.shader
  artifactKey: Guid(6cb8ecb776000e841a6a1bddc61e51bf) Importer(815301076,1909f56bfc062723c751e8b465ee728b)
Start importing Assets/Scenes/Shaders/ShaderPixelate.shader using Guid(6cb8ecb776000e841a6a1bddc61e51bf) Importer(815301076,1909f56bfc062723c751e8b465ee728b)  -> (artifact id: '00cc3795c3db5e5ebd293b8654397a68') in 0.013617 seconds 
  Import took 0.037724 seconds .

========================================================================
Received Import Request.
  Time since last request: 0.034259 seconds.
  path: Assets/Scenes/Shaders/ShaderPixelate.shader
  artifactKey: Guid(6cb8ecb776000e841a6a1bddc61e51bf) Importer(815301076,1909f56bfc062723c751e8b465ee728b)
Start importing Assets/Scenes/Shaders/ShaderPixelate.shader using Guid(6cb8ecb776000e841a6a1bddc61e51bf) Importer(815301076,1909f56bfc062723c751e8b465ee728b)  -> (artifact id: '00cc3795c3db5e5ebd293b8654397a68') in 0.006430 seconds 
  Import took 0.010519 seconds .

========================================================================
Received Import Request.
  Time since last request: 50.262765 seconds.
  path: Assets/Scenes/scene4.unity
  artifactKey: Guid(08f3a0d6abafe5440b9f42afc195fe5d) Importer(815301076,1909f56bfc062723c751e8b465ee728b)
Start importing Assets/Scenes/scene4.unity using Guid(08f3a0d6abafe5440b9f42afc195fe5d) Importer(815301076,1909f56bfc062723c751e8b465ee728b)  -> (artifact id: '2012579a50fb7af299fa688d9d2eca68') in 0.016949 seconds 
  Import took 0.067978 seconds .

========================================================================
Received Import Request.
  Time since last request: 11.382437 seconds.
  path: Assets/Scenes/ScenePixelate.unity
  artifactKey: Guid(08f3a0d6abafe5440b9f42afc195fe5d) Importer(815301076,1909f56bfc062723c751e8b465ee728b)
Start importing Assets/Scenes/ScenePixelate.unity using Guid(08f3a0d6abafe5440b9f42afc195fe5d) Importer(815301076,1909f56bfc062723c751e8b465ee728b)  -> (artifact id: '156618b67db14c5bcd5efbe188e2a1c8') in 0.016707 seconds 
  Import took 0.053553 seconds .

========================================================================
Received Import Request.
  Time since last request: 1258.045643 seconds.
  path: Assets/Scenes/ShaderPixelate.shader
  artifactKey: Guid(6cb8ecb776000e841a6a1bddc61e51bf) Importer(815301076,1909f56bfc062723c751e8b465ee728b)
Start importing Assets/Scenes/ShaderPixelate.shader using Guid(6cb8ecb776000e841a6a1bddc61e51bf) Importer(815301076,1909f56bfc062723c751e8b465ee728b)  -> (artifact id: 'a67442c49cc420a6ad6c7d6e5ce0b304') in 0.051991 seconds 
  Import took 0.125783 seconds .

========================================================================
Received Import Request.
  Time since last request: 3067.276132 seconds.
  path: Assets/Scenes/Materials/Lenna.mat
  artifactKey: Guid(ad2a19a1d633caf4aac525b204efc212) Importer(815301076,1909f56bfc062723c751e8b465ee728b)
Start importing Assets/Scenes/Materials/Lenna.mat using Guid(ad2a19a1d633caf4aac525b204efc212) Importer(815301076,1909f56bfc062723c751e8b465ee728b)  -> (artifact id: 'b6025ac3440379d434ecf12cb5903d64') in 0.082135 seconds 
  Import took 0.100368 seconds .

AssetImportWorkerClient::OnTransportError - code=2 error=End of file
