Using pre-set license
Built from '2020.3/release' branch; Version is '2020.3.15f2 (6cf78cb77498) revision 7141260'; Using compiler version '192528614'; Build Type 'Release'
OS: 'Windows 10 Home Single Language; OS build 19041.1165; Version 2004; 64bit' Language: 'pt' Physical Memory: 8102 MB
BatchMode: 1, IsHumanControllingUs: 0, StartBugReporterOnCrash: 0, Is64bit: 1, IsPro: 0

 COMMAND LINE ARGUMENTS:
C:\Program Files\Unity\Hub\Editor\2020.3.15f2\Editor\Unity.exe
-adb2
-batchMode
-noUpm
-name
AssetImportWorker0
-projectPath
C:/Users/Gustavo/Desktop/Oitavo Período/Mundos Virtuais e Realidade Misturada/Aula04
-logFile
Logs/AssetImportWorker0.log
-srvPort
50299
Successfully changed project path to: C:/Users/Gustavo/Desktop/Oitavo Período/Mundos Virtuais e Realidade Misturada/Aula04
C:/Users/Gustavo/Desktop/Oitavo Período/Mundos Virtuais e Realidade Misturada/Aula04
Using Asset Import Pipeline V2.
Refreshing native plugins compatible for Editor in 54.00 ms, found 2 plugins.
Preloading 0 native plugins for Editor in 0.00 ms.
Initialize engine version: 2020.3.15f2 (6cf78cb77498)
[Subsystems] Discovering subsystems at path C:/Program Files/Unity/Hub/Editor/2020.3.15f2/Editor/Data/Resources/UnitySubsystems
[Subsystems] Discovering subsystems at path C:/Users/Gustavo/Desktop/Oitavo Período/Mundos Virtuais e Realidade Misturada/Aula04/Assets
GfxDevice: creating device client; threaded=0
Direct3D:
    Version:  Direct3D 11.0 [level 11.0]
    Renderer: NVIDIA GeForce 940MX (ID=0x134d)
    Vendor:   
    VRAM:     2010 MB
    Driver:   27.21.14.6133
Initialize mono
Mono path[0] = 'C:/Program Files/Unity/Hub/Editor/2020.3.15f2/Editor/Data/Managed'
Mono path[1] = 'C:/Program Files/Unity/Hub/Editor/2020.3.15f2/Editor/Data/MonoBleedingEdge/lib/mono/unityjit'
Mono config path = 'C:/Program Files/Unity/Hub/Editor/2020.3.15f2/Editor/Data/MonoBleedingEdge/etc'
Using monoOptions --debugger-agent=transport=dt_socket,embedding=1,server=y,suspend=n,address=127.0.0.1:56272
Begin MonoManager ReloadAssembly
Registering precompiled unity dll's ...
Register platform support module: C:/Program Files/Unity/Hub/Editor/2020.3.15f2/Editor/Data/PlaybackEngines/WindowsStandaloneSupport/UnityEditor.WindowsStandalone.Extensions.dll
Registered in 0.002887 seconds.
Native extension for WindowsStandalone target not found
Refreshing native plugins compatible for Editor in 61.90 ms, found 2 plugins.
Preloading 0 native plugins for Editor in 0.00 ms.
Mono: successfully reloaded assembly
- Completed reload, in  2.382 seconds
Domain Reload Profiling:
	ReloadAssembly (2382ms)
		BeginReloadAssembly (100ms)
			ExecutionOrderSort (0ms)
			DisableScriptedObjects (0ms)
			BackupInstance (0ms)
			ReleaseScriptingObjects (0ms)
			CreateAndSetChildDomain (1ms)
		EndReloadAssembly (916ms)
			LoadAssemblies (97ms)
			RebuildTransferFunctionScriptingTraits (0ms)
			SetupTypeCache (374ms)
			ReleaseScriptCaches (2ms)
			RebuildScriptCaches (62ms)
			SetupLoadedEditorAssemblies (309ms)
				LogAssemblyErrors (0ms)
				InitializePlatformSupportModulesInManaged (14ms)
				SetLoadedEditorAssemblies (0ms)
				RefreshPlugins (62ms)
				BeforeProcessingInitializeOnLoad (8ms)
				ProcessInitializeOnLoadAttributes (166ms)
				ProcessInitializeOnLoadMethodAttributes (58ms)
				AfterProcessingInitializeOnLoad (0ms)
				EditorAssembliesLoaded (0ms)
			ExecutionOrderSort2 (0ms)
			AwakeInstancesAfterBackupRestoration (0ms)
Platform modules already initialized, skipping
Registering precompiled user dll's ...
Registered in 0.004792 seconds.
Begin MonoManager ReloadAssembly
Native extension for WindowsStandalone target not found
Refreshing native plugins compatible for Editor in 0.44 ms, found 2 plugins.
Preloading 0 native plugins for Editor in 0.00 ms.
Mono: successfully reloaded assembly
- Completed reload, in  2.573 seconds
Domain Reload Profiling:
	ReloadAssembly (2575ms)
		BeginReloadAssembly (260ms)
			ExecutionOrderSort (0ms)
			DisableScriptedObjects (6ms)
			BackupInstance (0ms)
			ReleaseScriptingObjects (0ms)
			CreateAndSetChildDomain (38ms)
		EndReloadAssembly (2195ms)
			LoadAssemblies (154ms)
			RebuildTransferFunctionScriptingTraits (0ms)
			SetupTypeCache (651ms)
			ReleaseScriptCaches (0ms)
			RebuildScriptCaches (81ms)
			SetupLoadedEditorAssemblies (1105ms)
				LogAssemblyErrors (0ms)
				InitializePlatformSupportModulesInManaged (9ms)
				SetLoadedEditorAssemblies (1ms)
				RefreshPlugins (1ms)
				BeforeProcessingInitializeOnLoad (104ms)
				ProcessInitializeOnLoadAttributes (965ms)
				ProcessInitializeOnLoadMethodAttributes (10ms)
				AfterProcessingInitializeOnLoad (16ms)
				EditorAssembliesLoaded (0ms)
			ExecutionOrderSort2 (0ms)
			AwakeInstancesAfterBackupRestoration (7ms)
Platform modules already initialized, skipping
========================================================================
Worker process is ready to serve import requests
Launched and connected shader compiler UnityShaderCompiler.exe after 0.09 seconds
Refreshing native plugins compatible for Editor in 0.40 ms, found 2 plugins.
Preloading 0 native plugins for Editor in 0.00 ms.
Unloading 1398 Unused Serialized files (Serialized files now loaded: 0)
System memory in use before: 65.7 MB.
System memory in use after: 65.7 MB.

Unloading 19 unused Assets to reduce memory usage. Loaded Objects now: 1831.
Total: 10.109500 ms (FindLiveObjects: 0.261000 ms CreateObjectMapping: 0.089200 ms MarkObjects: 9.623300 ms  DeleteObjects: 0.128700 ms)

AssetImportParameters requested are different than current active one (requested -> active):
  custom:framework-win-MediaFoundation: 216162199b28c13a410421893ffa2e32 -> 
  custom:video-decoder-ogg-theora: a1e56fd34408186e4bbccfd4996cb3dc -> 
  custom:container-muxer-webm: aa71ff27fc2769a1b78a27578f13a17b -> 
  custom:container-demuxer-webm: 4f35f7cbe854078d1ac9338744f61a02 -> 
  custom:container-demuxer-ogg: 62fdf1f143b41e24485cea50d1cbac27 -> 
  custom:video-encoder-webm-vp8: eb34c28f22e8b96e1ab97ce403110664 -> 
  custom:video-decoder-webm-vp8: 9c59270c3fd7afecdb556c50c9e8de78 -> 
  custom:audio-decoder-ogg-vorbis: bf7c407c2cedff20999df2af8eb42d56 -> 
  custom:audio-encoder-webm-vorbis: bf7c407c2cedff20999df2af8eb42d56 -> 
========================================================================
Received Import Request.
  path: Assets/New Scene.unity
  artifactKey: Guid(b710a0289ae8a514cb899435d7e05076) Importer(815301076,1909f56bfc062723c751e8b465ee728b)
Start importing Assets/New Scene.unity using Guid(b710a0289ae8a514cb899435d7e05076) Importer(815301076,1909f56bfc062723c751e8b465ee728b)  -> (artifact id: '0b54cbc36cb6103483c840c7b54347cc') in 0.043862 seconds 
  Import took 0.048467 seconds .

========================================================================
Received Import Request.
  Time since last request: 38.564061 seconds.
  path: Assets/Scenes/scene2.unity
  artifactKey: Guid(b710a0289ae8a514cb899435d7e05076) Importer(815301076,1909f56bfc062723c751e8b465ee728b)
Start importing Assets/Scenes/scene2.unity using Guid(b710a0289ae8a514cb899435d7e05076) Importer(815301076,1909f56bfc062723c751e8b465ee728b)  -> (artifact id: '1716d11d76b1c0f9a6fe2c075b3f9ef5') in 0.015625 seconds 
  Import took 0.020091 seconds .

========================================================================
Received Import Request.
  Time since last request: 5238.782823 seconds.
  path: Assets/Scenes/TexShader.shader
  artifactKey: Guid(743dc174780c3564fb1b67955cbe3b35) Importer(815301076,1909f56bfc062723c751e8b465ee728b)
Start importing Assets/Scenes/TexShader.shader using Guid(743dc174780c3564fb1b67955cbe3b35) Importer(815301076,1909f56bfc062723c751e8b465ee728b)  -> (artifact id: '63bb7ffbe323786f3c61c25723dff0db') in 0.067766 seconds 
  Import took 0.079206 seconds .

========================================================================
Received Import Request.
  Time since last request: 3.196145 seconds.
  path: Assets/Scenes/TexShader.shader
  artifactKey: Guid(743dc174780c3564fb1b67955cbe3b35) Importer(815301076,1909f56bfc062723c751e8b465ee728b)
Start importing Assets/Scenes/TexShader.shader using Guid(743dc174780c3564fb1b67955cbe3b35) Importer(815301076,1909f56bfc062723c751e8b465ee728b)  -> (artifact id: '63bb7ffbe323786f3c61c25723dff0db') in 0.012491 seconds 
  Import took 0.018403 seconds .

========================================================================
Received Import Request.
  Time since last request: 442.128033 seconds.
  path: Assets/Scenes/New Custom Render Texture.asset
  artifactKey: Guid(1a22125af01b17341a29e4e6a653da89) Importer(815301076,1909f56bfc062723c751e8b465ee728b)
Start importing Assets/Scenes/New Custom Render Texture.asset using Guid(1a22125af01b17341a29e4e6a653da89) Importer(815301076,1909f56bfc062723c751e8b465ee728b)  -> (artifact id: '95c5325995d38e0b6c933c16e57c2ecd') in 0.129293 seconds 
  Import took 0.137262 seconds .

========================================================================
Received Import Request.
  Time since last request: 37.845286 seconds.
  path: Assets/Scenes/texture.asset
  artifactKey: Guid(1a22125af01b17341a29e4e6a653da89) Importer(815301076,1909f56bfc062723c751e8b465ee728b)
Start importing Assets/Scenes/texture.asset using Guid(1a22125af01b17341a29e4e6a653da89) Importer(815301076,1909f56bfc062723c751e8b465ee728b)  -> (artifact id: 'f3e3e8cba256e6c2b3b785a8e3ed22f0') in 0.034860 seconds 
  Import took 0.044138 seconds .

========================================================================
Received Import Request.
  Time since last request: 54.003526 seconds.
  path: Assets/Scenes/Materials/texture.mat
  artifactKey: Guid(c3afb03c0c445aa40b8b0dfc94c6172e) Importer(815301076,1909f56bfc062723c751e8b465ee728b)
Start importing Assets/Scenes/Materials/texture.mat using Guid(c3afb03c0c445aa40b8b0dfc94c6172e) Importer(815301076,1909f56bfc062723c751e8b465ee728b)  -> (artifact id: '2441ba4d3cae7224ce5728792286fbff') in 0.164282 seconds 
  Import took 0.167756 seconds .

========================================================================
Received Import Request.
  Time since last request: 0.001864 seconds.
  path: Assets/Scenes/Materials/texture.mat
  artifactKey: Guid(c3afb03c0c445aa40b8b0dfc94c6172e) Importer(815301076,1909f56bfc062723c751e8b465ee728b)
Start importing Assets/Scenes/Materials/texture.mat using Guid(c3afb03c0c445aa40b8b0dfc94c6172e) Importer(815301076,1909f56bfc062723c751e8b465ee728b)  -> (artifact id: '2441ba4d3cae7224ce5728792286fbff') in 0.025417 seconds 
  Import took 0.030049 seconds .

========================================================================
Received Import Request.
  Time since last request: 286.688610 seconds.
  path: Assets/Scenes/texture.asset
  artifactKey: Guid(1a22125af01b17341a29e4e6a653da89) Importer(815301076,1909f56bfc062723c751e8b465ee728b)
Start importing Assets/Scenes/texture.asset using Guid(1a22125af01b17341a29e4e6a653da89) Importer(815301076,1909f56bfc062723c751e8b465ee728b)  -> (artifact id: '0e3b9984e377d6b4f0e989a694de6686') in 0.021667 seconds 
  Import took 0.024820 seconds .

========================================================================
Received Import Request.
  Time since last request: 18.921624 seconds.
  path: Assets/Scenes/scene2.unity
  artifactKey: Guid(b710a0289ae8a514cb899435d7e05076) Importer(815301076,1909f56bfc062723c751e8b465ee728b)
Start importing Assets/Scenes/scene2.unity using Guid(b710a0289ae8a514cb899435d7e05076) Importer(815301076,1909f56bfc062723c751e8b465ee728b)  -> (artifact id: '81d729751f26b33f95ea5f4c6a037cb4') in 0.004618 seconds 
  Import took 0.008213 seconds .

AssetImportWorkerClient::OnTransportError - code=2 error=End of file
