Using pre-set license
Built from '2020.3/release' branch; Version is '2020.3.15f2 (6cf78cb77498) revision 7141260'; Using compiler version '192528614'; Build Type 'Release'
OS: 'Windows 10 Home Single Language; OS build 19041.1165; Version 2004; 64bit' Language: 'pt' Physical Memory: 8102 MB
BatchMode: 1, IsHumanControllingUs: 0, StartBugReporterOnCrash: 0, Is64bit: 1, IsPro: 0

 COMMAND LINE ARGUMENTS:
C:\Program Files\Unity\Hub\Editor\2020.3.15f2\Editor\Unity.exe
-adb2
-batchMode
-noUpm
-name
AssetImportWorker0
-projectPath
C:/Users/Gustavo/Desktop/Oitavo Período/Mundos Virtuais e Realidade Misturada/Aula05
-logFile
Logs/AssetImportWorker0.log
-srvPort
49752
Successfully changed project path to: C:/Users/Gustavo/Desktop/Oitavo Período/Mundos Virtuais e Realidade Misturada/Aula05
C:/Users/Gustavo/Desktop/Oitavo Período/Mundos Virtuais e Realidade Misturada/Aula05
Using Asset Import Pipeline V2.
Refreshing native plugins compatible for Editor in 36.09 ms, found 2 plugins.
Preloading 0 native plugins for Editor in 0.00 ms.
Initialize engine version: 2020.3.15f2 (6cf78cb77498)
[Subsystems] Discovering subsystems at path C:/Program Files/Unity/Hub/Editor/2020.3.15f2/Editor/Data/Resources/UnitySubsystems
[Subsystems] Discovering subsystems at path C:/Users/Gustavo/Desktop/Oitavo Período/Mundos Virtuais e Realidade Misturada/Aula05/Assets
GfxDevice: creating device client; threaded=0
Direct3D:
    Version:  Direct3D 11.0 [level 11.0]
    Renderer: NVIDIA GeForce 940MX (ID=0x134d)
    Vendor:   
    VRAM:     2010 MB
    Driver:   27.21.14.6133
Initialize mono
Mono path[0] = 'C:/Program Files/Unity/Hub/Editor/2020.3.15f2/Editor/Data/Managed'
Mono path[1] = 'C:/Program Files/Unity/Hub/Editor/2020.3.15f2/Editor/Data/MonoBleedingEdge/lib/mono/unityjit'
Mono config path = 'C:/Program Files/Unity/Hub/Editor/2020.3.15f2/Editor/Data/MonoBleedingEdge/etc'
Using monoOptions --debugger-agent=transport=dt_socket,embedding=1,server=y,suspend=n,address=127.0.0.1:56844
Begin MonoManager ReloadAssembly
Registering precompiled unity dll's ...
Register platform support module: C:/Program Files/Unity/Hub/Editor/2020.3.15f2/Editor/Data/PlaybackEngines/WindowsStandaloneSupport/UnityEditor.WindowsStandalone.Extensions.dll
Registered in 0.001857 seconds.
Native extension for WindowsStandalone target not found
Refreshing native plugins compatible for Editor in 31.29 ms, found 2 plugins.
Preloading 0 native plugins for Editor in 0.00 ms.
Mono: successfully reloaded assembly
- Completed reload, in  1.162 seconds
Domain Reload Profiling:
	ReloadAssembly (1162ms)
		BeginReloadAssembly (56ms)
			ExecutionOrderSort (0ms)
			DisableScriptedObjects (0ms)
			BackupInstance (0ms)
			ReleaseScriptingObjects (0ms)
			CreateAndSetChildDomain (1ms)
		EndReloadAssembly (438ms)
			LoadAssemblies (54ms)
			RebuildTransferFunctionScriptingTraits (0ms)
			SetupTypeCache (171ms)
			ReleaseScriptCaches (0ms)
			RebuildScriptCaches (33ms)
			SetupLoadedEditorAssemblies (161ms)
				LogAssemblyErrors (0ms)
				InitializePlatformSupportModulesInManaged (4ms)
				SetLoadedEditorAssemblies (0ms)
				RefreshPlugins (31ms)
				BeforeProcessingInitializeOnLoad (7ms)
				ProcessInitializeOnLoadAttributes (86ms)
				ProcessInitializeOnLoadMethodAttributes (31ms)
				AfterProcessingInitializeOnLoad (0ms)
				EditorAssembliesLoaded (0ms)
			ExecutionOrderSort2 (0ms)
			AwakeInstancesAfterBackupRestoration (0ms)
Platform modules already initialized, skipping
Registering precompiled user dll's ...
Registered in 0.004137 seconds.
Begin MonoManager ReloadAssembly
Native extension for WindowsStandalone target not found
Refreshing native plugins compatible for Editor in 0.32 ms, found 2 plugins.
Preloading 0 native plugins for Editor in 0.00 ms.
Mono: successfully reloaded assembly
- Completed reload, in  1.281 seconds
Domain Reload Profiling:
	ReloadAssembly (1282ms)
		BeginReloadAssembly (153ms)
			ExecutionOrderSort (0ms)
			DisableScriptedObjects (5ms)
			BackupInstance (0ms)
			ReleaseScriptingObjects (0ms)
			CreateAndSetChildDomain (19ms)
		EndReloadAssembly (1058ms)
			LoadAssemblies (102ms)
			RebuildTransferFunctionScriptingTraits (0ms)
			SetupTypeCache (296ms)
			ReleaseScriptCaches (0ms)
			RebuildScriptCaches (54ms)
			SetupLoadedEditorAssemblies (493ms)
				LogAssemblyErrors (0ms)
				InitializePlatformSupportModulesInManaged (5ms)
				SetLoadedEditorAssemblies (0ms)
				RefreshPlugins (0ms)
				BeforeProcessingInitializeOnLoad (55ms)
				ProcessInitializeOnLoadAttributes (419ms)
				ProcessInitializeOnLoadMethodAttributes (5ms)
				AfterProcessingInitializeOnLoad (7ms)
				EditorAssembliesLoaded (0ms)
			ExecutionOrderSort2 (0ms)
			AwakeInstancesAfterBackupRestoration (7ms)
Platform modules already initialized, skipping
========================================================================
Worker process is ready to serve import requests
Launched and connected shader compiler UnityShaderCompiler.exe after 0.07 seconds
Refreshing native plugins compatible for Editor in 0.31 ms, found 2 plugins.
Preloading 0 native plugins for Editor in 0.00 ms.
Unloading 1404 Unused Serialized files (Serialized files now loaded: 0)
System memory in use before: 66.8 MB.
System memory in use after: 66.9 MB.

Unloading 19 unused Assets to reduce memory usage. Loaded Objects now: 1840.
Total: 2.692100 ms (FindLiveObjects: 0.157800 ms CreateObjectMapping: 0.042100 ms MarkObjects: 2.410900 ms  DeleteObjects: 0.080300 ms)

AssetImportParameters requested are different than current active one (requested -> active):
  custom:framework-win-MediaFoundation: 216162199b28c13a410421893ffa2e32 -> 
  custom:video-decoder-ogg-theora: a1e56fd34408186e4bbccfd4996cb3dc -> 
  custom:container-muxer-webm: aa71ff27fc2769a1b78a27578f13a17b -> 
  custom:container-demuxer-webm: 4f35f7cbe854078d1ac9338744f61a02 -> 
  custom:container-demuxer-ogg: 62fdf1f143b41e24485cea50d1cbac27 -> 
  custom:video-encoder-webm-vp8: eb34c28f22e8b96e1ab97ce403110664 -> 
  custom:video-decoder-webm-vp8: 9c59270c3fd7afecdb556c50c9e8de78 -> 
  custom:audio-decoder-ogg-vorbis: bf7c407c2cedff20999df2af8eb42d56 -> 
  custom:audio-encoder-webm-vorbis: bf7c407c2cedff20999df2af8eb42d56 -> 
========================================================================
Received Import Request.
  path: Assets/Aula 5
  artifactKey: Guid(6d3da0d9b8d574b499a0433d8708f1d1) Importer(815301076,1909f56bfc062723c751e8b465ee728b)
Start importing Assets/Aula 5 using Guid(6d3da0d9b8d574b499a0433d8708f1d1) Importer(815301076,1909f56bfc062723c751e8b465ee728b)  -> (artifact id: 'dbf61f7d6ee7e5c785f66a59bbed1b33') in 0.009907 seconds 
  Import took 0.012625 seconds .

========================================================================
Received Import Request.
  Time since last request: 9.193526 seconds.
  path: Assets/Scenes/Materials/NewAudioMixer.mixer
  artifactKey: Guid(b3f9c23a28399fb4995aa09b57114f90) Importer(815301076,1909f56bfc062723c751e8b465ee728b)
Start importing Assets/Scenes/Materials/NewAudioMixer.mixer using Guid(b3f9c23a28399fb4995aa09b57114f90) Importer(815301076,1909f56bfc062723c751e8b465ee728b)  -> (artifact id: 'b5f35d5ffb2b83ffd941f95877fe0076') in 0.058998 seconds 
  Import took 0.062844 seconds .

========================================================================
Received Import Request.
  Time since last request: 4.705748 seconds.
  path: Assets/Scenes/Materials/NewAudioMixer.mixer
  artifactKey: Guid(b3f9c23a28399fb4995aa09b57114f90) Importer(815301076,1909f56bfc062723c751e8b465ee728b)
Start importing Assets/Scenes/Materials/NewAudioMixer.mixer using Guid(b3f9c23a28399fb4995aa09b57114f90) Importer(815301076,1909f56bfc062723c751e8b465ee728b)  -> (artifact id: 'b5f35d5ffb2b83ffd941f95877fe0076') in 0.013205 seconds 
  Import took 0.016234 seconds .

========================================================================
Received Import Request.
  Time since last request: 0.921234 seconds.
  path: Assets/Scenes/Materials/New Material.mat
  artifactKey: Guid(8def2a2f3d635df4bb85571de9a03782) Importer(815301076,1909f56bfc062723c751e8b465ee728b)
Start importing Assets/Scenes/Materials/New Material.mat using Guid(8def2a2f3d635df4bb85571de9a03782) Importer(815301076,1909f56bfc062723c751e8b465ee728b)  -> (artifact id: 'a05a403069c540c85dccf9943587f2b9') in 0.176197 seconds 
  Import took 0.180420 seconds .

========================================================================
Received Import Request.
  Time since last request: 66.005321 seconds.
  path: Assets/Scenes/Materials/New Material 1.mat
  artifactKey: Guid(b0275451784b22e47be4ed3773e9959d) Importer(815301076,1909f56bfc062723c751e8b465ee728b)
Start importing Assets/Scenes/Materials/New Material 1.mat using Guid(b0275451784b22e47be4ed3773e9959d) Importer(815301076,1909f56bfc062723c751e8b465ee728b)  -> (artifact id: '9ff179cec57faf1f500373068ffb0fa6') in 0.036057 seconds 
  Import took 0.041064 seconds .

========================================================================
Received Import Request.
  Time since last request: 13.744199 seconds.
  path: Assets/Scenes/Materials/New Material 2.mat
  artifactKey: Guid(63c4e5e28a6b0ea43bbf0dba0f1cacea) Importer(815301076,1909f56bfc062723c751e8b465ee728b)
Start importing Assets/Scenes/Materials/New Material 2.mat using Guid(63c4e5e28a6b0ea43bbf0dba0f1cacea) Importer(815301076,1909f56bfc062723c751e8b465ee728b)  -> (artifact id: '9ddde60f3af03fee4f20efd6c7ba6674') in 0.033882 seconds 
  Import took 0.038194 seconds .

========================================================================
Received Import Request.
  Time since last request: 19.661298 seconds.
  path: Assets/Scenes/Materials/New Material 3.mat
  artifactKey: Guid(94ebd86f1396d03458df01d01e8611bb) Importer(815301076,1909f56bfc062723c751e8b465ee728b)
Start importing Assets/Scenes/Materials/New Material 3.mat using Guid(94ebd86f1396d03458df01d01e8611bb) Importer(815301076,1909f56bfc062723c751e8b465ee728b)  -> (artifact id: '5045c4593378177a34a2916719e2a959') in 0.032226 seconds 
  Import took 0.037028 seconds .

========================================================================
Received Import Request.
  Time since last request: 8.170999 seconds.
  path: Assets/Scenes/Materials/New Material 4.mat
  artifactKey: Guid(296a3fb49c8c595458c4c75fadc1b428) Importer(815301076,1909f56bfc062723c751e8b465ee728b)
Start importing Assets/Scenes/Materials/New Material 4.mat using Guid(296a3fb49c8c595458c4c75fadc1b428) Importer(815301076,1909f56bfc062723c751e8b465ee728b)  -> (artifact id: '70ff8c6f07f54d590348cd191fc19f7d') in 0.032284 seconds 
  Import took 0.036528 seconds .

========================================================================
Received Import Request.
  Time since last request: 7.432640 seconds.
  path: Assets/Scenes/Materials/New Material 5.mat
  artifactKey: Guid(db6ed04573f46fe4dafd62618da24560) Importer(815301076,1909f56bfc062723c751e8b465ee728b)
Start importing Assets/Scenes/Materials/New Material 5.mat using Guid(db6ed04573f46fe4dafd62618da24560) Importer(815301076,1909f56bfc062723c751e8b465ee728b)  -> (artifact id: 'bb4d5c8cf427a3b2a3b40ebc6eb06be9') in 0.028320 seconds 
  Import took 0.032318 seconds .

========================================================================
Received Import Request.
  Time since last request: 8.757137 seconds.
  path: Assets/Scenes/Materials/New Material 6.mat
  artifactKey: Guid(bf6917b9018ecc74ebc1a62439a0c514) Importer(815301076,1909f56bfc062723c751e8b465ee728b)
Start importing Assets/Scenes/Materials/New Material 6.mat using Guid(bf6917b9018ecc74ebc1a62439a0c514) Importer(815301076,1909f56bfc062723c751e8b465ee728b)  -> (artifact id: '58979449ab56321114ab24ecdf699a99') in 0.032312 seconds 
  Import took 0.036218 seconds .

========================================================================
Received Import Request.
  Time since last request: 76.529866 seconds.
  path: Assets/Scenes/Shaders/scene4.shader
  artifactKey: Guid(6cb8ecb776000e841a6a1bddc61e51bf) Importer(815301076,1909f56bfc062723c751e8b465ee728b)
Start importing Assets/Scenes/Shaders/scene4.shader using Guid(6cb8ecb776000e841a6a1bddc61e51bf) Importer(815301076,1909f56bfc062723c751e8b465ee728b)  -> (artifact id: 'db119ab8b10a109bd881d4c4c837c814') in 0.010279 seconds 
  Import took 0.014113 seconds .

========================================================================
Received Import Request.
  Time since last request: 0.017668 seconds.
  path: Assets/Scenes/Shaders/scene4.shader
  artifactKey: Guid(6cb8ecb776000e841a6a1bddc61e51bf) Importer(815301076,1909f56bfc062723c751e8b465ee728b)
Start importing Assets/Scenes/Shaders/scene4.shader using Guid(6cb8ecb776000e841a6a1bddc61e51bf) Importer(815301076,1909f56bfc062723c751e8b465ee728b)  -> (artifact id: 'db119ab8b10a109bd881d4c4c837c814') in 0.011183 seconds 
  Import took 0.015191 seconds .

AssetImportWorkerClient::OnTransportError - code=2 error=End of file
